Connecting to database specified by database.yml
Connecting to database specified by database.yml
Connecting to database specified by database.yml
Connecting to database specified by database.yml
  [1m[36m (29.0ms)[0m  [1mCREATE TABLE `schema_migrations` (`version` varchar(255) NOT NULL) ENGINE=InnoDB[0m
  [1m[35m (25.8ms)[0m  CREATE UNIQUE INDEX `unique_schema_migrations` ON `schema_migrations` (`version`)
  [1m[36m (1.4ms)[0m  [1mSELECT `schema_migrations`.`version` FROM `schema_migrations` [0m
Connecting to database specified by database.yml
  [1m[36m (0.1ms)[0m  [1mSELECT `schema_migrations`.`version` FROM `schema_migrations` [0m
  [1m[35m (0.3ms)[0m  DROP DATABASE IF EXISTS `WTAHikes_test`
  [1m[36m (3.9ms)[0m  [1mCREATE DATABASE `WTAHikes_test` DEFAULT CHARACTER SET `utf8` COLLATE `utf8_unicode_ci`[0m
Connecting to database specified by database.yml
  [1m[36m (0.1ms)[0m  [1mSELECT `schema_migrations`.`version` FROM `schema_migrations` [0m
Connecting to database specified by database.yml
Connecting to database specified by database.yml
Connecting to database specified by database.yml
Connecting to database specified by database.yml
Connecting to database specified by database.yml
  [1m[36m (0.1ms)[0m  [1mSELECT `schema_migrations`.`version` FROM `schema_migrations` [0m
Migrating to CreateTrails (20121008030117)
Connecting to database specified by database.yml
Connecting to database specified by database.yml
  [1m[36m (0.2ms)[0m  [1mSELECT `schema_migrations`.`version` FROM `schema_migrations` [0m
Migrating to CreateTrails (20121008030117)
  [1m[35m (24.0ms)[0m  CREATE TABLE `trails` (`id` int(11) DEFAULT NULL auto_increment PRIMARY KEY, `hash_key` text, `title` varchar(255), `avg_rating` decimal(3,2), `vote_count` int(11), `photo_url` varchar(255), `region` varchar(255), `round_trip` decimal(6,2), `elevation_gain` decimal(6,2), `high_point` decimal(6,2), `description` text, `created_at` datetime NOT NULL, `updated_at` datetime NOT NULL) ENGINE=InnoDB
  [1m[36m (1.7ms)[0m  [1mINSERT INTO `schema_migrations` (`version`) VALUES ('20121008030117')[0m
Migrating to CreateFeatures (20121008043651)
  [1m[35m (10.0ms)[0m  CREATE TABLE `features` (`id` int(11) DEFAULT NULL auto_increment PRIMARY KEY, `hash_key` text, `name` varchar(255), `created_at` datetime NOT NULL, `updated_at` datetime NOT NULL) ENGINE=InnoDB
  [1m[36m (1.9ms)[0m  [1mINSERT INTO `schema_migrations` (`version`) VALUES ('20121008043651')[0m
  [1m[35m (0.1ms)[0m  SELECT `schema_migrations`.`version` FROM `schema_migrations` 
Connecting to database specified by database.yml
Connecting to database specified by database.yml
Connecting to database specified by database.yml
  [1m[36m (0.1ms)[0m  [1mSELECT `schema_migrations`.`version` FROM `schema_migrations` [0m
Migrating to CreateTrails (20121008030117)
Migrating to CreateFeatures (20121008043651)
Migrating to CreateTrailsFeaturesJoin (20121008053237)
  [1m[35m (121.2ms)[0m  CREATE TABLE `trails_features` (`trails_id` int(11), `features_id` int(11)) ENGINE=InnoDB
  [1m[36m (1.0ms)[0m  [1mINSERT INTO `schema_migrations` (`version`) VALUES ('20121008053237')[0m
  [1m[35m (0.1ms)[0m  SELECT `schema_migrations`.`version` FROM `schema_migrations` 
Connecting to database specified by database.yml
  [1m[36m (0.1ms)[0m  [1mSELECT `schema_migrations`.`version` FROM `schema_migrations` [0m
Migrating to CreateTrails (20121008030117)
Migrating to CreateFeatures (20121008043651)
Migrating to CreateTrailsFeaturesJoin (20121008053237)
  [1m[35m (0.1ms)[0m  SELECT `schema_migrations`.`version` FROM `schema_migrations` 
Connecting to database specified by database.yml
  [1m[36m (0.6ms)[0m  [1mDROP DATABASE IF EXISTS `WTAHikes_test`[0m
  [1m[35m (0.1ms)[0m  CREATE DATABASE `WTAHikes_test` DEFAULT CHARACTER SET `utf8` COLLATE `utf8_unicode_ci`
  [1m[36m (124.7ms)[0m  [1mCREATE TABLE `features` (`id` int(11) DEFAULT NULL auto_increment PRIMARY KEY, `hash_key` text, `name` varchar(255), `created_at` datetime NOT NULL, `updated_at` datetime NOT NULL) ENGINE=InnoDB[0m
  [1m[35m (4.1ms)[0m  CREATE TABLE `trails` (`id` int(11) DEFAULT NULL auto_increment PRIMARY KEY, `hash_key` text, `title` varchar(255), `avg_rating` decimal(3,2), `vote_count` int(11), `photo_url` varchar(255), `region` varchar(255), `round_trip` decimal(6,2), `elevation_gain` decimal(6,2), `high_point` decimal(6,2), `description` text, `created_at` datetime NOT NULL, `updated_at` datetime NOT NULL) ENGINE=InnoDB
  [1m[36m (4.1ms)[0m  [1mCREATE TABLE `trails_features` (`trails_id` int(11), `features_id` int(11)) ENGINE=InnoDB[0m
  [1m[35m (3.6ms)[0m  CREATE TABLE `schema_migrations` (`version` varchar(255) NOT NULL) ENGINE=InnoDB
  [1m[36m (21.1ms)[0m  [1mCREATE UNIQUE INDEX `unique_schema_migrations` ON `schema_migrations` (`version`)[0m
  [1m[35m (0.1ms)[0m  SELECT version FROM `schema_migrations`
  [1m[36m (1.8ms)[0m  [1mINSERT INTO `schema_migrations` (version) VALUES ('20121008053237')[0m
  [1m[35m (0.7ms)[0m  INSERT INTO `schema_migrations` (version) VALUES ('20121008030117')
  [1m[36m (0.6ms)[0m  [1mINSERT INTO `schema_migrations` (version) VALUES ('20121008043651')[0m
Connecting to database specified by database.yml
  [1m[36m (11.9ms)[0m  [1mDROP DATABASE IF EXISTS `WTAHikes_test`[0m
  [1m[35m (0.2ms)[0m  CREATE DATABASE `WTAHikes_test` DEFAULT CHARACTER SET `utf8` COLLATE `utf8_unicode_ci`
  [1m[36m (21.4ms)[0m  [1mCREATE TABLE `features` (`id` int(11) DEFAULT NULL auto_increment PRIMARY KEY, `hash_key` text, `name` varchar(255), `created_at` datetime NOT NULL, `updated_at` datetime NOT NULL) ENGINE=InnoDB[0m
  [1m[35m (9.8ms)[0m  CREATE TABLE `trails` (`id` int(11) DEFAULT NULL auto_increment PRIMARY KEY, `hash_key` text, `title` varchar(255), `avg_rating` decimal(3,2), `vote_count` int(11), `photo_url` varchar(255), `region` varchar(255), `round_trip` decimal(6,2), `elevation_gain` decimal(6,2), `high_point` decimal(6,2), `description` text, `created_at` datetime NOT NULL, `updated_at` datetime NOT NULL) ENGINE=InnoDB
  [1m[36m (4.5ms)[0m  [1mCREATE TABLE `trails_features` (`trails_id` int(11), `features_id` int(11)) ENGINE=InnoDB[0m
  [1m[35m (3.9ms)[0m  CREATE TABLE `schema_migrations` (`version` varchar(255) NOT NULL) ENGINE=InnoDB
  [1m[36m (12.9ms)[0m  [1mCREATE UNIQUE INDEX `unique_schema_migrations` ON `schema_migrations` (`version`)[0m
  [1m[35m (0.1ms)[0m  SELECT version FROM `schema_migrations`
  [1m[36m (1.9ms)[0m  [1mINSERT INTO `schema_migrations` (version) VALUES ('20121008053237')[0m
  [1m[35m (0.3ms)[0m  INSERT INTO `schema_migrations` (version) VALUES ('20121008030117')
  [1m[36m (1.5ms)[0m  [1mINSERT INTO `schema_migrations` (version) VALUES ('20121008043651')[0m
Connecting to database specified by database.yml
Connecting to database specified by database.yml
Connecting to database specified by database.yml
Connecting to database specified by database.yml
Connecting to database specified by database.yml
Connecting to database specified by database.yml
Connecting to database specified by database.yml
  [1m[36m (23.9ms)[0m  [1mDROP DATABASE IF EXISTS `WTAHikes_test`[0m
  [1m[35m (0.2ms)[0m  CREATE DATABASE `WTAHikes_test` DEFAULT CHARACTER SET `utf8` COLLATE `utf8_unicode_ci`
  [1m[36m (19.5ms)[0m  [1mCREATE TABLE `features` (`id` int(11) DEFAULT NULL auto_increment PRIMARY KEY, `hash_key` text, `name` varchar(255), `created_at` datetime NOT NULL, `updated_at` datetime NOT NULL) ENGINE=InnoDB[0m
  [1m[35m (5.0ms)[0m  CREATE TABLE `trails` (`id` int(11) DEFAULT NULL auto_increment PRIMARY KEY, `hash_key` text, `title` varchar(255), `avg_rating` decimal(3,2), `vote_count` int(11), `photo_url` varchar(255), `region` varchar(255), `round_trip` decimal(6,2), `elevation_gain` decimal(6,2), `high_point` decimal(6,2), `description` text, `created_at` datetime NOT NULL, `updated_at` datetime NOT NULL) ENGINE=InnoDB
  [1m[36m (4.0ms)[0m  [1mCREATE TABLE `trails_features` (`trails_id` int(11), `features_id` int(11)) ENGINE=InnoDB[0m
  [1m[35m (4.4ms)[0m  CREATE TABLE `schema_migrations` (`version` varchar(255) NOT NULL) ENGINE=InnoDB
  [1m[36m (27.0ms)[0m  [1mCREATE UNIQUE INDEX `unique_schema_migrations` ON `schema_migrations` (`version`)[0m
  [1m[35m (0.1ms)[0m  SELECT version FROM `schema_migrations`
  [1m[36m (1.4ms)[0m  [1mINSERT INTO `schema_migrations` (version) VALUES ('20121008053237')[0m
  [1m[35m (1.5ms)[0m  INSERT INTO `schema_migrations` (version) VALUES ('20121008030117')
  [1m[36m (0.9ms)[0m  [1mINSERT INTO `schema_migrations` (version) VALUES ('20121008043651')[0m
Connecting to database specified by database.yml
  [1m[36m (0.1ms)[0m  [1mSELECT `schema_migrations`.`version` FROM `schema_migrations` [0m
Migrating to CreateTrails (20121008030117)
Migrating to CreateFeatures (20121008043651)
Migrating to CreateTrailsFeaturesJoin (20121008053237)
Migrating to CreateRegions (20121012044644)
  [1m[35m (17.5ms)[0m  CREATE TABLE `regions` (`id` int(11) DEFAULT NULL auto_increment PRIMARY KEY, `hash_key` text, `name` varchar(255), `created_at` datetime NOT NULL, `updated_at` datetime NOT NULL) ENGINE=InnoDB
  [1m[36m (1.7ms)[0m  [1mINSERT INTO `schema_migrations` (`version`) VALUES ('20121012044644')[0m
  [1m[35m (0.2ms)[0m  SELECT `schema_migrations`.`version` FROM `schema_migrations` 
Connecting to database specified by database.yml
  [1m[36m (109.2ms)[0m  [1mDROP DATABASE IF EXISTS `WTAHikes_test`[0m
  [1m[35m (0.2ms)[0m  CREATE DATABASE `WTAHikes_test` DEFAULT CHARACTER SET `utf8` COLLATE `utf8_unicode_ci`
  [1m[36m (26.3ms)[0m  [1mCREATE TABLE `features` (`id` int(11) DEFAULT NULL auto_increment PRIMARY KEY, `hash_key` text, `name` varchar(255), `created_at` datetime NOT NULL, `updated_at` datetime NOT NULL) ENGINE=InnoDB[0m
  [1m[35m (4.6ms)[0m  CREATE TABLE `regions` (`id` int(11) DEFAULT NULL auto_increment PRIMARY KEY, `hash_key` text, `name` varchar(255), `created_at` datetime NOT NULL, `updated_at` datetime NOT NULL) ENGINE=InnoDB
  [1m[36m (4.0ms)[0m  [1mCREATE TABLE `trails` (`id` int(11) DEFAULT NULL auto_increment PRIMARY KEY, `hash_key` text, `title` varchar(255), `avg_rating` decimal(3,2), `vote_count` int(11), `photo_url` varchar(255), `region` varchar(255), `round_trip` decimal(6,2), `elevation_gain` decimal(6,2), `high_point` decimal(6,2), `description` text, `created_at` datetime NOT NULL, `updated_at` datetime NOT NULL) ENGINE=InnoDB[0m
  [1m[35m (4.6ms)[0m  CREATE TABLE `trails_features` (`trails_id` int(11), `features_id` int(11)) ENGINE=InnoDB
  [1m[36m (3.7ms)[0m  [1mCREATE TABLE `schema_migrations` (`version` varchar(255) NOT NULL) ENGINE=InnoDB[0m
  [1m[35m (14.0ms)[0m  CREATE UNIQUE INDEX `unique_schema_migrations` ON `schema_migrations` (`version`)
  [1m[36m (0.1ms)[0m  [1mSELECT version FROM `schema_migrations`[0m
  [1m[35m (1.5ms)[0m  INSERT INTO `schema_migrations` (version) VALUES ('20121012044644')
  [1m[36m (1.3ms)[0m  [1mINSERT INTO `schema_migrations` (version) VALUES ('20121008030117')[0m
  [1m[35m (0.7ms)[0m  INSERT INTO `schema_migrations` (version) VALUES ('20121008043651')
  [1m[36m (0.9ms)[0m  [1mINSERT INTO `schema_migrations` (version) VALUES ('20121008053237')[0m
